<?xml version="1.0" encoding="UTF-8"?>
<!-- Generated by org.testng.reporters.JUnitReportReporter -->
<testsuite name="randomObjectOperations.deleteRandomObject" tests="1" time="5.692" ignored="1" failures="0" timestamp="05 Apr 2021 17:57:09 GMT" skipped="0" hostname="Alexs-MacBook-Pro.local" errors="0">
  <testcase name="deleteMultipleTodos" time="5.692" classname="randomObjectOperations.deleteRandomObject"/>
  <testcase name="deleteSingleTodo" classname="randomObjectOperations.deleteRandomObject">
    <skipped/>
  </testcase> <!-- deleteSingleTodo -->
</testsuite> <!-- randomObjectOperations.deleteRandomObject -->
