<?xml version="1.0" encoding="UTF-8"?>
<!-- Generated by org.testng.reporters.JUnitReportReporter -->
<testsuite name="randomObjectOperations.addRandomObject" tests="1" time="7.314" ignored="1" failures="0" timestamp="05 Apr 2021 17:55:31 GMT" skipped="0" hostname="Alexs-MacBook-Pro.local" errors="0">
  <testcase name="createMultipleRandomTodos" time="7.314" classname="randomObjectOperations.addRandomObject"/>
  <testcase name="createSingleRandomTodo" classname="randomObjectOperations.addRandomObject">
    <skipped/>
  </testcase> <!-- createSingleRandomTodo -->
</testsuite> <!-- randomObjectOperations.addRandomObject -->
