<?xml version="1.0" encoding="UTF-8"?>
<!-- Generated by org.testng.reporters.JUnitReportReporter -->
<testsuite name="randomObjectOperations.changeRandomObject" tests="1" time="6.840" ignored="1" failures="0" timestamp="05 Apr 2021 17:56:20 GMT" skipped="0" hostname="Alexs-MacBook-Pro.local" errors="0">
  <testcase name="amendMultipleTodos" time="6.840" classname="randomObjectOperations.changeRandomObject"/>
  <testcase name="amendSingleTodo" classname="randomObjectOperations.changeRandomObject">
    <skipped/>
  </testcase> <!-- amendSingleTodo -->
</testsuite> <!-- randomObjectOperations.changeRandomObject -->
